aaa{"slug":"submit\/230082338360449\/","q4_name":{"first":"ADMAD","last":"ALI"},"q6_email":"admundng@yahoo.com","q27_mobileNumber":{"full":"(038) 958-0788"},"q51_submissionId":"5","q49_promotionCode":"VKLNRDW","event_id":"1673321518018_230082338360449_xfmWxNs","validatedRequiredFieldIDs":"{\"id_4\":true,\"id_6\":true}","path":"\/submit\/230082338360449"}{"slug":"submit\/230082338360449\/","q4_name":{"first":"ADMAD","last":"ALI"},"q6_email":"admundng@yahoo.com","q27_mobileNumber":{"full":"(038) 958-0788"},"q51_submissionId":"6","q49_promotionCode":"VXH5NI8","event_id":"1673321678095_230082338360449_N2rxeD8","validatedRequiredFieldIDs":"{\"id_4\":true,\"id_6\":true}","path":"\/submit\/230082338360449"}
{"slug":"submit\/230082338360449\/","q4_name":{"first":"ADMAD","last":"ALI"},"q6_email":"admundng@yahoo.com","q27_mobileNumber":{"full":"(038) 958-0788"},"q51_submissionId":"7","q49_promotionCode":"VFXFYEG","event_id":"1673321842413_230082338360449_X7F49Qf","validatedRequiredFieldIDs":"{\"id_4\":true,\"id_6\":true}","path":"\/submit\/230082338360449"}

ADMAD
ALI
admundng@yahoo.com

VFXFYEG
{"slug":"submit\/230082338360449\/","q4_name":{"first":"ADMAD","last":"ALI"},"q6_email":"admundng@yahoo.com","q27_mobileNumber":{"full":"(038) 958-0788"},"q51_submissionId":"8","q49_promotionCode":"V9QNXE7","event_id":"1673321936586_230082338360449_PI85oj0","validatedRequiredFieldIDs":"{\"id_4\":true,\"id_6\":true}","path":"\/submit\/230082338360449"}
8
ADMAD
ALI
admundng@yahoo.com
(038) 958-0788
V9QNXE7
{"slug":"submit\/230082338360449\/","q4_name":{"first":"ADMAD","last":"ALI"},"q6_email":"admundng@yahoo.com","q27_mobileNumber":{"full":"(038) 958-0788"},"q51_submissionId":"9","q49_promotionCode":"VLAL2Y8","event_id":"1673321960557_230082338360449_cfm8rAz","validatedRequiredFieldIDs":"{\"id_4\":true,\"id_6\":true}","path":"\/submit\/230082338360449"}
9
ADMAD
ALI
admundng@yahoo.com
(038) 958-0788
VLAL2Y8
{"slug":"submit\/230082338360449\/","q4_name":{"first":"ADMAD","last":"ALI"},"q6_email":"admundng@yahoo.com","q27_mobileNumber":{"full":"(038) 958-0788"},"q51_submissionId":"10","q49_promotionCode":"VZW03MZ","event_id":"1673322135288_230082338360449_32XCKL1","validatedRequiredFieldIDs":"{\"id_4\":true,\"id_6\":true}","path":"\/submit\/230082338360449"}
10
ADMAD
ALI
admundng@yahoo.com
(038) 958-0788
VZW03MZ
{"slug":"submit\/230082338360449\/","q4_name":{"first":"ADMUND","last":"NG"},"q6_email":"admundng@gmail.com","q27_mobileNumber":{"full":"(012) 353-9900"},"q51_submissionId":"11","q49_promotionCode":"V90VRXV","event_id":"1673322415205_230082338360449_iS4xiDw","validatedRequiredFieldIDs":"{\"id_4\":true,\"id_6\":true}","path":"\/submit\/230082338360449"}
11
ADMUND
NG
admundng@gmail.com
(012) 353-9900
V90VRXV
{"slug":"submit\/230082338360449\/","q4_name":{"first":"admund","last":"ng"},"q6_email":"admundng@yahoo.com","q27_mobileNumber":{"full":"+65 0389 5807"},"q51_submissionId":"12","q49_promotionCode":"VHNUZE2","event_id":"1673322639679_230082338360449_N17Pu8g","validatedRequiredFieldIDs":"{\"id_4\":true,\"id_6\":true,\"id_27\":true}","path":"\/submit\/230082338360449"}
12
admund
ng
admundng@yahoo.com
+65 0389 5807
VHNUZE2
{"slug":"submit\/230082338360449\/","q4_name":{"first":"ADMUND","last":"NG"},"q6_email":"huaniqu38@gmail.com","q27_mobileNumber":{"full":"+65 0123 5399"},"q51_submissionId":"13","q49_promotionCode":"VK7YVH3","event_id":"1673323908650_230082338360449_rPGLHmE","validatedRequiredFieldIDs":"{\"id_4\":true,\"id_6\":true,\"id_27\":true}","path":"\/submit\/230082338360449"}
13
ADMUND
NG
huaniqu38@gmail.com
+65 0123 5399
VK7YVH3